Determining if the pthread_create exist failed with the following output:
Change Dir: /home/ubuntu/RBE4915/rpi/mjpg-streamer-experimental/_build/CMakeFiles/CMakeTmp

Run Build Command:"/usr/bin/make" "cmTC_73ef4/fast"
make[1]: Entering directory '/home/ubuntu/RBE4915/rpi/mjpg-streamer-experimental/_build/CMakeFiles/CMakeTmp'
/usr/bin/make -f CMakeFiles/cmTC_73ef4.dir/build.make CMakeFiles/cmTC_73ef4.dir/build
make[2]: Entering directory '/home/ubuntu/RBE4915/rpi/mjpg-streamer-experimental/_build/CMakeFiles/CMakeTmp'
Building C object CMakeFiles/cmTC_73ef4.dir/CheckSymbolExists.c.o
/usr/bin/cc     -o CMakeFiles/cmTC_73ef4.dir/CheckSymbolExists.c.o   -c /home/ubuntu/RBE4915/rpi/mjpg-streamer-experimental/_build/CMakeFiles/CMakeTmp/CheckSymbolExists.c
Linking C executable cmTC_73ef4
/usr/bin/cmake -E cmake_link_script CMakeFiles/cmTC_73ef4.dir/link.txt --verbose=1
/usr/bin/cc       CMakeFiles/cmTC_73ef4.dir/CheckSymbolExists.c.o  -o cmTC_73ef4 -rdynamic 
CMakeFiles/cmTC_73ef4.dir/CheckSymbolExists.c.o: In function `main':
CheckSymbolExists.c:(.text+0xe): undefined reference to `pthread_create'
CheckSymbolExists.c:(.text+0x12): undefined reference to `pthread_create'
collect2: error: ld returned 1 exit status
CMakeFiles/cmTC_73ef4.dir/build.make:97: recipe for target 'cmTC_73ef4' failed
make[2]: *** [cmTC_73ef4] Error 1
make[2]: Leaving directory '/home/ubuntu/RBE4915/rpi/mjpg-streamer-experimental/_build/CMakeFiles/CMakeTmp'
Makefile:126: recipe for target 'cmTC_73ef4/fast' failed
make[1]: *** [cmTC_73ef4/fast] Error 2
make[1]: Leaving directory '/home/ubuntu/RBE4915/rpi/mjpg-streamer-experimental/_build/CMakeFiles/CMakeTmp'

File /home/ubuntu/RBE4915/rpi/mjpg-streamer-experimental/_build/CMakeFiles/CMakeTmp/CheckSymbolExists.c:
/* */
#include <pthread.h>

int main(int argc, char** argv)
{
  (void)argv;
#ifndef pthread_create
  return ((int*)(&pthread_create))[argc];
#else
  (void)argc;
  return 0;
#endif
}

Determining if the function pthread_create exists in the pthreads failed with the following output:
Change Dir: /home/ubuntu/RBE4915/rpi/mjpg-streamer-experimental/_build/CMakeFiles/CMakeTmp

Run Build Command:"/usr/bin/make" "cmTC_b0bf6/fast"
make[1]: Entering directory '/home/ubuntu/RBE4915/rpi/mjpg-streamer-experimental/_build/CMakeFiles/CMakeTmp'
/usr/bin/make -f CMakeFiles/cmTC_b0bf6.dir/build.make CMakeFiles/cmTC_b0bf6.dir/build
make[2]: Entering directory '/home/ubuntu/RBE4915/rpi/mjpg-streamer-experimental/_build/CMakeFiles/CMakeTmp'
Building C object CMakeFiles/cmTC_b0bf6.dir/CheckFunctionExists.c.o
/usr/bin/cc    -DCHECK_FUNCTION_EXISTS=pthread_create   -o CMakeFiles/cmTC_b0bf6.dir/CheckFunctionExists.c.o   -c /usr/share/cmake-3.5/Modules/CheckFunctionExists.c
Linking C executable cmTC_b0bf6
/usr/bin/cmake -E cmake_link_script CMakeFiles/cmTC_b0bf6.dir/link.txt --verbose=1
/usr/bin/cc   -DCHECK_FUNCTION_EXISTS=pthread_create    CMakeFiles/cmTC_b0bf6.dir/CheckFunctionExists.c.o  -o cmTC_b0bf6 -rdynamic -lpthreads 
/usr/bin/ld: cannot find -lpthreads
collect2: error: ld returned 1 exit status
CMakeFiles/cmTC_b0bf6.dir/build.make:97: recipe for target 'cmTC_b0bf6' failed
make[2]: *** [cmTC_b0bf6] Error 1
make[2]: Leaving directory '/home/ubuntu/RBE4915/rpi/mjpg-streamer-experimental/_build/CMakeFiles/CMakeTmp'
Makefile:126: recipe for target 'cmTC_b0bf6/fast' failed
make[1]: *** [cmTC_b0bf6/fast] Error 2
make[1]: Leaving directory '/home/ubuntu/RBE4915/rpi/mjpg-streamer-experimental/_build/CMakeFiles/CMakeTmp'


